<?xml version="1.0" encoding="UTF-8" ?>
<testsuite tests="14" failures="0" name="br.pb.marcos.runners.RunnerTest" time="0.193" errors="0" skipped="9">
  <properties>
    <property name="java.runtime.name" value="Java(TM) SE Runtime Environment"/>
    <property name="cucumber.options" value="src/test/resources/features/aprender_cucumber.feature"/>
    <property name="java.vm.version" value="18.0.1.1+2-6"/>
    <property name="sun.boot.library.path" value="C:\Program Files\Java\jdk-18.0.1.1\bin"/>
    <property name="maven.multiModuleProjectDirectory" value="C:\Users\m4rco\eclipse-workspace\CursoCucumber"/>
    <property name="java.vm.vendor" value="Oracle Corporation"/>
    <property name="java.vendor.url" value="https://java.oracle.com/"/>
    <property name="guice.disable.misplaced.annotation.check" value="true"/>
    <property name="path.separator" value=";"/>
    <property name="java.vm.name" value="Java HotSpot(TM) 64-Bit Server VM"/>
    <property name="sun.os.patch.level" value=""/>
    <property name="user.script" value=""/>
    <property name="user.country" value="BR"/>
    <property name="sun.java.launcher" value="SUN_STANDARD"/>
    <property name="java.vm.specification.name" value="Java Virtual Machine Specification"/>
    <property name="user.dir" value="C:\Users\m4rco\eclipse-workspace\CursoCucumber"/>
    <property name="java.vm.compressedOopsMode" value="Zero based"/>
    <property name="java.runtime.version" value="18.0.1.1+2-6"/>
    <property name="os.arch" value="amd64"/>
    <property name="java.io.tmpdir" value="C:\Users\m4rco\AppData\Local\Temp\"/>
    <property name="line.separator" value="
"/>
    <property name="java.vm.specification.vendor" value="Oracle Corporation"/>
    <property name="user.variant" value=""/>
    <property name="os.name" value="Windows 10"/>
    <property name="classworlds.conf" value="C:\Users\m4rco\apache-maven-3.8.6\bin\m2.conf"/>
    <property name="sun.jnu.encoding" value="Cp1252"/>
    <property name="java.library.path" value="C:\Program Files\Java\jdk-18.0.1.1\bin;C:\Windows\Sun\Java\bin;C:\Windows\system32;C:\Windows;C:\Program Files\Common Files\Oracle\Java\javapath;C:\Windows\system32;C:\Windows;C:\Windows\System32\Wbem;C:\Windows\System32\WindowsPowerShell\v1.0\;C:\Windows\System32\OpenSSH\;C:\Program Files\Git\cmd;C:\Users\m4rco\drivers;C:\Program Files\Cloudflare\Cloudflare WARP\;C:\Users\m4rco\apache-maven-3.8.6\bin;C:\Users\m4rco\AppData\Local\Microsoft\WindowsApps;."/>
    <property name="maven.conf" value="C:\Users\m4rco\apache-maven-3.8.6/conf"/>
    <property name="jdk.debug" value="release"/>
    <property name="java.class.version" value="62.0"/>
    <property name="java.specification.name" value="Java Platform API Specification"/>
    <property name="sun.management.compiler" value="HotSpot 64-Bit Tiered Compilers"/>
    <property name="os.version" value="10.0"/>
    <property name="library.jansi.path" value="C:\Users\m4rco\apache-maven-3.8.6\lib\jansi-native"/>
    <property name="user.home" value="C:\Users\m4rco"/>
    <property name="user.timezone" value="America/Sao_Paulo"/>
    <property name="file.encoding" value="UTF-8"/>
    <property name="java.specification.version" value="18"/>
    <property name="user.name" value="m4rco"/>
    <property name="java.class.path" value="C:\Users\m4rco\apache-maven-3.8.6\boot\plexus-classworlds-2.6.0.jar"/>
    <property name="java.vm.specification.version" value="18"/>
    <property name="sun.arch.data.model" value="64"/>
    <property name="sun.java.command" value="org.codehaus.plexus.classworlds.launcher.Launcher test -Dcucumber.options=src/test/resources/features/aprender_cucumber.feature"/>
    <property name="java.home" value="C:\Program Files\Java\jdk-18.0.1.1"/>
    <property name="user.language" value="pt"/>
    <property name="java.specification.vendor" value="Oracle Corporation"/>
    <property name="java.vm.info" value="mixed mode, sharing"/>
    <property name="java.version" value="18.0.1.1"/>
    <property name="native.encoding" value="Cp1252"/>
    <property name="java.vendor" value="Oracle Corporation"/>
    <property name="sun.stderr.encoding" value="cp850"/>
    <property name="maven.home" value="C:\Users\m4rco\apache-maven-3.8.6"/>
    <property name="file.separator" value="\"/>
    <property name="java.version.date" value="2022-04-22"/>
    <property name="java.vendor.url.bug" value="https://bugreport.java.com/bugreport/"/>
    <property name="sun.io.unicode.encoding" value="UnicodeLittle"/>
    <property name="sun.cpu.endian" value="little"/>
    <property name="sun.stdout.encoding" value="cp850"/>
    <property name="sun.cpu.isalist" value="amd64"/>
  </properties>
  <testcase classname="Aprender Cucumber" name="Deve executar especificacao" time="0.068"/>
  <testcase classname="Aprender Cucumber" name="Deve incrementar contador" time="0.014"/>
  <testcase classname="Aprender Cucumber" name="Deve incrementar contador" time="0.007"/>
  <testcase classname="Aprender Cucumber" name="Deve calcular atraso na entrega" time="0.01">
    <skipped/>
    <system-out>
  @tipo2
  Cenario: Deve calcular atraso na entrega      &amp;#27;[90m# src/test/resources/features/aprender_cucumber.feature:28&amp;#27;[0m
    &amp;#27;[33mDado &amp;#27;[0m&amp;#27;[33mque a entrega é dia 05/04/2018&amp;#27;[0m         &amp;#27;[90m# null&amp;#27;[0m
    &amp;#27;[33mQuando &amp;#27;[0m&amp;#27;[33ma entrega atrasar em 2 dias&amp;#27;[0m          &amp;#27;[90m# null&amp;#27;[0m
    &amp;#27;[36mEntao &amp;#27;[0m&amp;#27;[36ma entrega sera efetuada em &amp;#27;[0m&amp;#27;[36m&amp;#27;[1m07/04/2018&amp;#27;[0m &amp;#27;[90m# AprenderCucumberSteps.aEntregaSeraEfetuadaEm(String)&amp;#27;[0m
</system-out>
  </testcase>
  <testcase classname="Aprender Cucumber" name="Deve calcular atraso na entrega" time="0.01">
    <skipped/>
  </testcase>
  <testcase classname="Aprender Cucumber" name="Deve calcular atraso na entrega da china" time="0.004">
    <skipped/>
    <system-out>
  @tipo1 @tipo2
  Cenario: Deve calcular atraso na entrega da china &amp;#27;[90m# src/test/resources/features/aprender_cucumber.feature:34&amp;#27;[0m
    &amp;#27;[33mDado &amp;#27;[0m&amp;#27;[33mque a entrega é dia 05/04/2018&amp;#27;[0m             &amp;#27;[90m# null&amp;#27;[0m
    &amp;#27;[33mQuando &amp;#27;[0m&amp;#27;[33ma entrega atrasar em 2 meses&amp;#27;[0m             &amp;#27;[90m# null&amp;#27;[0m
    &amp;#27;[36mEntao &amp;#27;[0m&amp;#27;[36ma entrega sera efetuada em &amp;#27;[0m&amp;#27;[36m&amp;#27;[1m05/06/2018&amp;#27;[0m     &amp;#27;[90m# AprenderCucumberSteps.aEntregaSeraEfetuadaEm(String)&amp;#27;[0m
</system-out>
  </testcase>
  <testcase classname="Aprender Cucumber" name="Deve calcular atraso na entrega da china" time="0.004">
    <skipped/>
  </testcase>
  <testcase classname="Aprender Cucumber" name="Deve criar steps genéricos para estes passos" time="0.022"/>
  <testcase classname="Aprender Cucumber" name="Deve reaproveitar os steps &quot;Dado&quot; do cenário anterior" time="0.017"/>
  <testcase classname="Aprender Cucumber" name="Deve negar todos os steps &quot;Dado&quot; dos cenários anteriores" time="0.007">
    <skipped/>
    <system-out>
  @ignore
  Cenario: Deve negar todos os steps &quot;Dado&quot; dos cenários anteriores             &amp;#27;[90m# src/test/resources/features/aprender_cucumber.feature:57&amp;#27;[0m
    &amp;#27;[33mDado &amp;#27;[0m&amp;#27;[33mque o ticket é CD123&amp;#27;[0m                                                   &amp;#27;[90m# null&amp;#27;[0m
    &amp;#27;[33mDado &amp;#27;[0m&amp;#27;[33mque o ticket é AG1234&amp;#27;[0m                                                  &amp;#27;[90m# null&amp;#27;[0m
    &amp;#27;[36mDado &amp;#27;[0m&amp;#27;[36mque o valor da passagem é R$ &amp;#27;[0m&amp;#27;[36m&amp;#27;[1m1.1345,56&amp;#27;[0m                                 &amp;#27;[90m# AprenderCucumberSteps.queOValorDaPassagemÉR$(Double)&amp;#27;[0m
    &amp;#27;[33mDado &amp;#27;[0m&amp;#27;[33mque o nome do passageiro é &quot;Beltrano Souza Matos de Alcântara Azevedo&quot;&amp;#27;[0m &amp;#27;[90m# null&amp;#27;[0m
    &amp;#27;[33mDado &amp;#27;[0m&amp;#27;[33mque o telefone do passageiro é 1234-5678&amp;#27;[0m                               &amp;#27;[90m# null&amp;#27;[0m
    &amp;#27;[33mDado &amp;#27;[0m&amp;#27;[33mque o telefone do passageiro é 999-2223&amp;#27;[0m                                &amp;#27;[90m# null&amp;#27;[0m
</system-out>
  </testcase>
  <testcase classname="Aprender Cucumber" name="Deve negar todos os steps &quot;Dado&quot; dos cenários anteriores" time="0.007">
    <skipped/>
  </testcase>
  <testcase classname="Aprender Cucumber" name="Deve negar todos os steps &quot;Dado&quot; dos cenários anteriores" time="0.007">
    <skipped/>
  </testcase>
  <testcase classname="Aprender Cucumber" name="Deve negar todos os steps &quot;Dado&quot; dos cenários anteriores" time="0.008">
    <skipped/>
  </testcase>
  <testcase classname="Aprender Cucumber" name="Deve negar todos os steps &quot;Dado&quot; dos cenários anteriores" time="0.008">
    <skipped/>
  </testcase>
</testsuite>